{"level":"info","message":"database connection created","timestamp":"2023-11-27T16:22:01.456Z"}
{"level":"info","message":"Server running at 3000","timestamp":"2023-11-27T16:22:01.456Z"}
{"level":"info","message":"database connection created","timestamp":"2023-11-27T16:24:32.116Z"}
{"level":"info","message":"Server running at 3000","timestamp":"2023-11-27T16:24:32.116Z"}
{"level":"info","message":"database connection created","timestamp":"2023-11-27T16:26:00.997Z"}
{"level":"info","message":"Server running at 3000","timestamp":"2023-11-27T16:26:00.997Z"}
{"level":"info","message":"database connection created","timestamp":"2023-11-27T16:26:06.541Z"}
{"level":"info","message":"Server running at 3000","timestamp":"2023-11-27T16:26:06.541Z"}
{"level":"info","message":"database connection created","timestamp":"2023-11-27T16:26:20.767Z"}
{"level":"info","message":"Server running at 3000","timestamp":"2023-11-27T16:26:20.767Z"}
{"level":"info","message":"database connection created","timestamp":"2023-11-27T16:28:07.979Z"}
{"level":"info","message":"Server running at 3000","timestamp":"2023-11-27T16:28:07.979Z"}
{"level":"info","message":"database connection created","timestamp":"2023-11-27T16:33:59.270Z"}
{"level":"info","message":"Server running at 3000","timestamp":"2023-11-27T16:33:59.270Z"}
{"level":"info","message":"database connection created","timestamp":"2023-11-27T16:34:27.548Z"}
{"level":"info","message":"Server running at 3000","timestamp":"2023-11-27T16:34:27.548Z"}
{"level":"info","message":"database connection created","timestamp":"2023-11-27T16:34:50.164Z"}
{"level":"info","message":"Server running at 3000","timestamp":"2023-11-27T16:34:50.164Z"}
{"level":"info","message":"database connection created","timestamp":"2023-11-27T16:35:06.046Z"}
{"level":"info","message":"Server running at 3000","timestamp":"2023-11-27T16:35:06.046Z"}
{"level":"info","message":"database connection created","timestamp":"2023-11-27T16:35:11.382Z"}
{"level":"info","message":"Server running at 3000","timestamp":"2023-11-27T16:35:11.382Z"}
{"level":"info","message":"database connection created","timestamp":"2023-11-27T16:35:16.839Z"}
{"level":"info","message":"Server running at 3000","timestamp":"2023-11-27T16:35:16.839Z"}
{"level":"info","message":"database connection created","timestamp":"2023-11-27T23:24:00.923Z"}
{"level":"info","message":"Server running at 3000","timestamp":"2023-11-27T23:24:00.923Z"}
{"level":"info","message":"database connection created","timestamp":"2023-11-27T23:25:05.926Z"}
{"level":"info","message":"Server running at 3000","timestamp":"2023-11-27T23:25:05.926Z"}
{"level":"info","message":"database connection created","timestamp":"2023-11-27T23:25:52.983Z"}
{"level":"info","message":"Server running at 3000","timestamp":"2023-11-27T23:25:52.983Z"}
{"level":"info","message":"database connection created","timestamp":"2023-11-27T23:28:38.008Z"}
{"level":"info","message":"Server running at 3000","timestamp":"2023-11-27T23:28:38.008Z"}
{"level":"info","message":"database connection created","timestamp":"2023-11-27T23:50:51.270Z"}
{"level":"info","message":"Server running at 3000","timestamp":"2023-11-27T23:50:51.270Z"}
{"level":"info","message":"database connection created","timestamp":"2023-11-27T23:52:10.452Z"}
{"level":"info","message":"Server running at 3000","timestamp":"2023-11-27T23:52:10.452Z"}
{"level":"info","message":"database connection created","timestamp":"2023-11-27T23:52:27.140Z"}
{"level":"info","message":"Server running at 3000","timestamp":"2023-11-27T23:52:27.140Z"}
{"level":"info","message":"database connection created","timestamp":"2023-11-27T23:53:40.835Z"}
{"level":"info","message":"Server running at 3000","timestamp":"2023-11-27T23:53:40.835Z"}
{"level":"info","message":"database connection created","timestamp":"2023-11-27T23:56:01.743Z"}
{"level":"info","message":"Server running at 3000","timestamp":"2023-11-27T23:56:01.743Z"}
{"level":"info","message":"database connection created","timestamp":"2023-11-28T01:39:36.698Z"}
{"level":"info","message":"Server running at 3000","timestamp":"2023-11-28T01:39:36.698Z"}
{"level":"info","message":"database connection created","timestamp":"2023-11-29T01:25:03.677Z"}
{"level":"info","message":"Server running at 3000","timestamp":"2023-11-29T01:25:03.677Z"}
{"level":"info","message":"database connection created","timestamp":"2023-11-29T01:26:18.006Z"}
{"level":"info","message":"Server running at 3000","timestamp":"2023-11-29T01:26:18.006Z"}
{"level":"info","message":"database connection created","timestamp":"2023-11-29T01:27:11.923Z"}
{"level":"info","message":"Server running at 3000","timestamp":"2023-11-29T01:27:11.923Z"}
{"level":"info","message":"database connection created","timestamp":"2023-11-29T01:29:11.542Z"}
{"level":"info","message":"Server running at 3000","timestamp":"2023-11-29T01:29:11.542Z"}
{"level":"info","message":"database connection created","timestamp":"2023-11-29T01:29:49.211Z"}
{"level":"info","message":"Server running at 3000","timestamp":"2023-11-29T01:29:49.211Z"}
{"level":"info","message":"database connection created","timestamp":"2023-11-29T01:30:03.685Z"}
{"level":"info","message":"Server running at 3000","timestamp":"2023-11-29T01:30:03.685Z"}
{"level":"info","message":"database connection created","timestamp":"2023-11-29T01:32:58.508Z"}
{"level":"info","message":"Server running at 3000","timestamp":"2023-11-29T01:32:58.508Z"}
{"level":"info","message":"database connection created","timestamp":"2023-11-29T01:33:07.314Z"}
{"level":"info","message":"Server running at 3000","timestamp":"2023-11-29T01:33:07.314Z"}
{"level":"info","message":"database connection created","timestamp":"2023-11-29T01:33:53.329Z"}
{"level":"info","message":"Server running at 3000","timestamp":"2023-11-29T01:33:53.329Z"}
{"level":"info","message":"database connection created","timestamp":"2023-11-29T01:34:53.148Z"}
{"level":"info","message":"Server running at 3000","timestamp":"2023-11-29T01:34:53.148Z"}
{"level":"info","message":"database connection created","timestamp":"2023-11-29T01:41:04.990Z"}
{"level":"info","message":"Server running at 3000","timestamp":"2023-11-29T01:41:04.990Z"}
{"level":"info","message":"database connection created","timestamp":"2023-11-29T15:53:49.254Z"}
{"level":"info","message":"Server running at 3000","timestamp":"2023-11-29T15:53:49.254Z"}
{"level":"info","message":"database connection created","timestamp":"2023-11-29T15:54:16.420Z"}
{"level":"info","message":"Server running at 3000","timestamp":"2023-11-29T15:54:16.420Z"}
{"level":"info","message":"database connection created","timestamp":"2023-11-29T15:54:58.776Z"}
{"level":"info","message":"Server running at 3000","timestamp":"2023-11-29T15:54:58.776Z"}
{"level":"info","message":"database connection created","timestamp":"2023-11-29T15:55:06.394Z"}
{"level":"info","message":"Server running at 3000","timestamp":"2023-11-29T15:55:06.394Z"}
{"level":"info","message":"database connection created","timestamp":"2023-11-29T16:06:22.886Z"}
{"level":"info","message":"Server running at 3000","timestamp":"2023-11-29T16:06:22.886Z"}
{"level":"info","message":"database connection created","timestamp":"2023-11-29T16:07:44.739Z"}
{"level":"info","message":"Server running at 3000","timestamp":"2023-11-29T16:07:44.739Z"}
{"level":"info","message":"database connection created","timestamp":"2023-11-29T16:09:58.208Z"}
{"level":"info","message":"Server running at 3000","timestamp":"2023-11-29T16:09:58.208Z"}
{"level":"info","message":"database connection created","timestamp":"2023-11-29T16:12:16.835Z"}
{"level":"info","message":"Server running at 3000","timestamp":"2023-11-29T16:12:16.835Z"}
{"level":"info","message":"database connection created","timestamp":"2023-11-29T16:12:33.014Z"}
{"level":"info","message":"Server running at 3000","timestamp":"2023-11-29T16:12:33.014Z"}
{"level":"info","message":"database connection created","timestamp":"2023-11-29T16:12:39.840Z"}
{"level":"info","message":"Server running at 3000","timestamp":"2023-11-29T16:12:39.840Z"}
{"level":"info","message":"database connection created","timestamp":"2023-11-29T16:20:12.166Z"}
{"level":"info","message":"Server running at 3000","timestamp":"2023-11-29T16:20:12.166Z"}
{"level":"info","message":"database connection created","timestamp":"2023-11-29T16:20:33.965Z"}
{"level":"info","message":"Server running at 3000","timestamp":"2023-11-29T16:20:33.965Z"}
{"level":"info","message":"database connection created","timestamp":"2023-11-29T16:20:42.514Z"}
{"level":"info","message":"Server running at 3000","timestamp":"2023-11-29T16:20:42.514Z"}
{"level":"info","message":"database connection created","timestamp":"2023-11-29T16:23:04.073Z"}
{"level":"info","message":"Server running at 3000","timestamp":"2023-11-29T16:23:04.073Z"}
{"level":"info","message":"database connection created","timestamp":"2023-11-29T16:28:08.647Z"}
{"level":"info","message":"Server running at 3000","timestamp":"2023-11-29T16:28:08.647Z"}
{"level":"info","message":"database connection created","timestamp":"2023-11-29T16:28:14.044Z"}
{"level":"info","message":"Server running at 3000","timestamp":"2023-11-29T16:28:14.044Z"}
{"level":"info","message":"database connection created","timestamp":"2023-11-30T01:23:02.836Z"}
{"level":"info","message":"Server running at 3000","timestamp":"2023-11-30T01:23:02.836Z"}
{"level":"info","message":"database connection created","timestamp":"2023-11-30T01:25:53.998Z"}
{"level":"info","message":"Server running at 3000","timestamp":"2023-11-30T01:25:53.998Z"}
{"level":"info","message":"database connection created","timestamp":"2023-11-30T01:27:19.927Z"}
{"level":"info","message":"Server running at 3000","timestamp":"2023-11-30T01:27:19.927Z"}
{"level":"info","message":"database connection created","timestamp":"2023-11-30T01:27:36.256Z"}
{"level":"info","message":"Server running at 3000","timestamp":"2023-11-30T01:27:36.256Z"}
{"level":"info","message":"database connection created","timestamp":"2023-11-30T01:29:34.089Z"}
{"level":"info","message":"Server running at 3000","timestamp":"2023-11-30T01:29:34.089Z"}
{"level":"info","message":"Database connection failed with error DataTypeNotSupportedError: Data type \"Object\" in \"Product.contact\" is not supported by \"mysql\" database.","timestamp":"2023-11-30T01:30:02.394Z"}
{"level":"info","message":"Database connection failed with error TSError: ⨯ Unable to compile TypeScript:\n\u001b[96msrc/entities/product.entities.ts\u001b[0m:\u001b[93m2\u001b[0m:\u001b[93m32\u001b[0m - \u001b[91merror\u001b[0m\u001b[90m TS2306: \u001b[0mFile '/Users/nguyentanvinh/my-projects/my-nodejs/src/entities/productContact.entities.ts' is not a module.\n\n\u001b[7m2\u001b[0m import { ProductContact } from './productContact.entities';\n\u001b[7m \u001b[0m \u001b[91m                               ~~~~~~~~~~~~~~~~~~~~~~~~~~~\u001b[0m\n","timestamp":"2023-11-30T01:30:27.485Z"}
{"level":"info","message":"Database connection failed with error TypeORMError: Entity metadata for Product#contact was not found. Check if you specified a correct entity object and if it's connected in the connection options.","timestamp":"2023-11-30T01:31:20.229Z"}
{"level":"info","message":"Database connection failed with error TypeORMError: Entity metadata for Product#contact was not found. Check if you specified a correct entity object and if it's connected in the connection options.","timestamp":"2023-11-30T01:31:23.164Z"}
{"level":"info","message":"Database connection failed with error TypeORMError: Entity metadata for Product#contact was not found. Check if you specified a correct entity object and if it's connected in the connection options.","timestamp":"2023-11-30T01:31:44.989Z"}
{"level":"info","message":"Database connection failed with error TypeORMError: Entity metadata for Product#contact was not found. Check if you specified a correct entity object and if it's connected in the connection options.","timestamp":"2023-11-30T01:31:49.950Z"}
{"level":"info","message":"Database connection failed with error TypeORMError: Entity metadata for Product#contact was not found. Check if you specified a correct entity object and if it's connected in the connection options.","timestamp":"2023-11-30T01:32:05.584Z"}
{"level":"info","message":"Database connection failed with error TypeORMError: Entity metadata for Product#contact was not found. Check if you specified a correct entity object and if it's connected in the connection options.","timestamp":"2023-11-30T01:32:19.482Z"}
{"level":"info","message":"Database connection failed with error TypeORMError: Entity metadata for Product#contact was not found. Check if you specified a correct entity object and if it's connected in the connection options.","timestamp":"2023-11-30T01:32:21.668Z"}
{"level":"info","message":"Database connection failed with error TypeORMError: Entity metadata for Product#contact was not found. Check if you specified a correct entity object and if it's connected in the connection options.","timestamp":"2023-11-30T07:24:23.428Z"}
{"level":"info","message":"Database connection failed with error TSError: ⨯ Unable to compile TypeScript:\n\u001b[96msrc/entities/product.entities.ts\u001b[0m:\u001b[93m2\u001b[0m:\u001b[93m32\u001b[0m - \u001b[91merror\u001b[0m\u001b[90m TS2307: \u001b[0mCannot find module './productContact.entities' or its corresponding type declarations.\n\n\u001b[7m2\u001b[0m import { ProductContact } from './productContact.entities';\n\u001b[7m \u001b[0m \u001b[91m                               ~~~~~~~~~~~~~~~~~~~~~~~~~~~\u001b[0m\n","timestamp":"2023-11-30T07:24:36.497Z"}
{"level":"info","message":"Database connection failed with error TSError: ⨯ Unable to compile TypeScript:\n\u001b[96msrc/entities/product.entities.ts\u001b[0m:\u001b[93m16\u001b[0m:\u001b[93m4\u001b[0m - \u001b[91merror\u001b[0m\u001b[90m TS2554: \u001b[0mExpected 2-3 arguments, but got 1.\n\n\u001b[7m16\u001b[0m   @OneToMany(() => ProductImages)\n\u001b[7m  \u001b[0m \u001b[91m   ~~~~~~~~~~~~~~~~~~~~~~~~~~~~~~\u001b[0m\n\n  \u001b[96mnode_modules/typeorm/decorator/relations/OneToMany.d.ts\u001b[0m:\u001b[93m8\u001b[0m:\u001b[93m102\u001b[0m\n    \u001b[7m8\u001b[0m export declare function OneToMany<T>(typeFunctionOrTarget: string | ((type?: any) => ObjectType<T>), inverseSide: string | ((object: T) => any), options?: RelationOptions): PropertyDecorator;\n    \u001b[7m \u001b[0m \u001b[96m                                                                                                     ~~~~~~~~~~~~~~~~~~~~~~~~~~~~~~~~~~~~~~~~~~\u001b[0m\n    An argument for 'inverseSide' was not provided.\n","timestamp":"2023-11-30T07:30:09.210Z"}
{"level":"info","message":"Database connection failed with error TSError: ⨯ Unable to compile TypeScript:\n\u001b[96msrc/entities/product.entities.ts\u001b[0m:\u001b[93m16\u001b[0m:\u001b[93m4\u001b[0m - \u001b[91merror\u001b[0m\u001b[90m TS2554: \u001b[0mExpected 2-3 arguments, but got 1.\n\n\u001b[7m16\u001b[0m   @OneToMany(() => ProductImages)\n\u001b[7m  \u001b[0m \u001b[91m   ~~~~~~~~~~~~~~~~~~~~~~~~~~~~~~\u001b[0m\n\n  \u001b[96mnode_modules/typeorm/decorator/relations/OneToMany.d.ts\u001b[0m:\u001b[93m8\u001b[0m:\u001b[93m102\u001b[0m\n    \u001b[7m8\u001b[0m export declare function OneToMany<T>(typeFunctionOrTarget: string | ((type?: any) => ObjectType<T>), inverseSide: string | ((object: T) => any), options?: RelationOptions): PropertyDecorator;\n    \u001b[7m \u001b[0m \u001b[96m                                                                                                     ~~~~~~~~~~~~~~~~~~~~~~~~~~~~~~~~~~~~~~~~~~\u001b[0m\n    An argument for 'inverseSide' was not provided.\n","timestamp":"2023-11-30T07:30:41.575Z"}
{"level":"info","message":"Database connection failed with error TSError: ⨯ Unable to compile TypeScript:\n\u001b[96msrc/entities/product.entities.ts\u001b[0m:\u001b[93m16\u001b[0m:\u001b[93m4\u001b[0m - \u001b[91merror\u001b[0m\u001b[90m TS2554: \u001b[0mExpected 2-3 arguments, but got 1.\n\n\u001b[7m16\u001b[0m   @OneToMany(() => ProductImages)\n\u001b[7m  \u001b[0m \u001b[91m   ~~~~~~~~~~~~~~~~~~~~~~~~~~~~~~\u001b[0m\n\n  \u001b[96mnode_modules/typeorm/decorator/relations/OneToMany.d.ts\u001b[0m:\u001b[93m8\u001b[0m:\u001b[93m102\u001b[0m\n    \u001b[7m8\u001b[0m export declare function OneToMany<T>(typeFunctionOrTarget: string | ((type?: any) => ObjectType<T>), inverseSide: string | ((object: T) => any), options?: RelationOptions): PropertyDecorator;\n    \u001b[7m \u001b[0m \u001b[96m                                                                                                     ~~~~~~~~~~~~~~~~~~~~~~~~~~~~~~~~~~~~~~~~~~\u001b[0m\n    An argument for 'inverseSide' was not provided.\n","timestamp":"2023-11-30T07:30:44.924Z"}
{"level":"info","message":"Database connection failed with error TSError: ⨯ Unable to compile TypeScript:\n\u001b[96msrc/entities/product.entities.ts\u001b[0m:\u001b[93m16\u001b[0m:\u001b[93m4\u001b[0m - \u001b[91merror\u001b[0m\u001b[90m TS2554: \u001b[0mExpected 2-3 arguments, but got 1.\n\n\u001b[7m16\u001b[0m   @OneToMany(() => ProductImages)\n\u001b[7m  \u001b[0m \u001b[91m   ~~~~~~~~~~~~~~~~~~~~~~~~~~~~~~\u001b[0m\n\n  \u001b[96mnode_modules/typeorm/decorator/relations/OneToMany.d.ts\u001b[0m:\u001b[93m8\u001b[0m:\u001b[93m102\u001b[0m\n    \u001b[7m8\u001b[0m export declare function OneToMany<T>(typeFunctionOrTarget: string | ((type?: any) => ObjectType<T>), inverseSide: string | ((object: T) => any), options?: RelationOptions): PropertyDecorator;\n    \u001b[7m \u001b[0m \u001b[96m                                                                                                     ~~~~~~~~~~~~~~~~~~~~~~~~~~~~~~~~~~~~~~~~~~\u001b[0m\n    An argument for 'inverseSide' was not provided.\n","timestamp":"2023-11-30T07:31:16.550Z"}
{"level":"info","message":"Database connection failed with error TSError: ⨯ Unable to compile TypeScript:\n\u001b[96msrc/entities/product.entities.ts\u001b[0m:\u001b[93m16\u001b[0m:\u001b[93m4\u001b[0m - \u001b[91merror\u001b[0m\u001b[90m TS2554: \u001b[0mExpected 2-3 arguments, but got 1.\n\n\u001b[7m16\u001b[0m   @OneToMany(() => ProductImages)\n\u001b[7m  \u001b[0m \u001b[91m   ~~~~~~~~~~~~~~~~~~~~~~~~~~~~~~\u001b[0m\n\n  \u001b[96mnode_modules/typeorm/decorator/relations/OneToMany.d.ts\u001b[0m:\u001b[93m8\u001b[0m:\u001b[93m102\u001b[0m\n    \u001b[7m8\u001b[0m export declare function OneToMany<T>(typeFunctionOrTarget: string | ((type?: any) => ObjectType<T>), inverseSide: string | ((object: T) => any), options?: RelationOptions): PropertyDecorator;\n    \u001b[7m \u001b[0m \u001b[96m                                                                                                     ~~~~~~~~~~~~~~~~~~~~~~~~~~~~~~~~~~~~~~~~~~\u001b[0m\n    An argument for 'inverseSide' was not provided.\n","timestamp":"2023-11-30T07:31:20.497Z"}
{"level":"info","message":"Database connection failed with error DataTypeNotSupportedError: Data type \"ProductImages\" in \"Product.images\" is not supported by \"mysql\" database.","timestamp":"2023-11-30T07:32:06.518Z"}
{"level":"info","message":"Database connection failed with error DataTypeNotSupportedError: Data type \"ProductImages\" in \"Product.images\" is not supported by \"mysql\" database.","timestamp":"2023-11-30T07:32:46.995Z"}
{"level":"info","message":"Database connection failed with error DataTypeNotSupportedError: Data type \"ProductImages\" in \"Product.images\" is not supported by \"mysql\" database.","timestamp":"2023-11-30T07:33:01.005Z"}
{"level":"info","message":"Database connection failed with error DataTypeNotSupportedError: Data type \"ProductImages\" in \"Product.images\" is not supported by \"mysql\" database.","timestamp":"2023-11-30T07:33:20.277Z"}
{"level":"info","message":"Database connection failed with error DataTypeNotSupportedError: Data type \"ProductImages\" in \"Product.images\" is not supported by \"mysql\" database.","timestamp":"2023-11-30T07:33:52.770Z"}
{"level":"info","message":"Database connection failed with error DataTypeNotSupportedError: Data type \"ProductImages\" in \"Product.images\" is not supported by \"mysql\" database.","timestamp":"2023-11-30T07:33:58.353Z"}
{"level":"info","message":"Database connection failed with error DataTypeNotSupportedError: Data type \"ProductImages\" in \"Product.images\" is not supported by \"mysql\" database.","timestamp":"2023-11-30T07:34:02.881Z"}
{"level":"info","message":"Database connection failed with error DataTypeNotSupportedError: Data type \"ProductImages\" in \"Product.images\" is not supported by \"mysql\" database.","timestamp":"2023-11-30T07:34:04.551Z"}
{"level":"info","message":"Database connection failed with error DataTypeNotSupportedError: Data type \"ProductImages\" in \"Product.images\" is not supported by \"mysql\" database.","timestamp":"2023-11-30T07:34:08.104Z"}
{"level":"info","message":"Database connection failed with error DataTypeNotSupportedError: Data type \"ProductImages\" in \"Product.images\" is not supported by \"mysql\" database.","timestamp":"2023-11-30T07:34:38.973Z"}
{"level":"info","message":"Database connection failed with error DataTypeNotSupportedError: Data type \"ProductImages\" in \"Product.images\" is not supported by \"mysql\" database.","timestamp":"2023-11-30T07:34:54.143Z"}
{"level":"info","message":"Database connection failed with error DataTypeNotSupportedError: Data type \"ProductImages\" in \"Product.images\" is not supported by \"mysql\" database.","timestamp":"2023-11-30T07:34:56.544Z"}
{"level":"info","message":"Database connection failed with error DataTypeNotSupportedError: Data type \"ProductImages\" in \"Product.images\" is not supported by \"mysql\" database.","timestamp":"2023-11-30T07:37:03.719Z"}
{"level":"info","message":"Database connection failed with error DataTypeNotSupportedError: Data type \"ProductImages\" in \"Product.images\" is not supported by \"mysql\" database.","timestamp":"2023-11-30T07:37:05.936Z"}
{"level":"info","message":"Database connection failed with error DataTypeNotSupportedError: Data type \"ProductImages\" in \"Product.images\" is not supported by \"mysql\" database.","timestamp":"2023-11-30T08:36:39.687Z"}
{"level":"info","message":"Database connection failed with error DataTypeNotSupportedError: Data type \"ProductImages\" in \"Product.images\" is not supported by \"mysql\" database.","timestamp":"2023-11-30T09:12:09.445Z"}
{"level":"info","message":"Database connection failed with error DataTypeNotSupportedError: Data type \"ProductImages\" in \"Product.images\" is not supported by \"mysql\" database.","timestamp":"2023-11-30T09:12:15.536Z"}
{"level":"info","message":"Database connection failed with error DataTypeNotSupportedError: Data type \"ProductImages\" in \"Product.images\" is not supported by \"mysql\" database.","timestamp":"2023-11-30T09:15:29.332Z"}
{"level":"info","message":"Database connection failed with error DataTypeNotSupportedError: Data type \"ProductImages\" in \"Product.images\" is not supported by \"mysql\" database.","timestamp":"2023-11-30T09:15:41.110Z"}
{"level":"info","message":"Database connection failed with error DataTypeNotSupportedError: Data type \"ProductImages\" in \"Product.images\" is not supported by \"mysql\" database.","timestamp":"2023-11-30T09:20:47.227Z"}
{"level":"info","message":"Database connection failed with error DataTypeNotSupportedError: Data type \"ProductImages\" in \"Product.images\" is not supported by \"mysql\" database.","timestamp":"2023-11-30T09:21:11.064Z"}
{"level":"info","message":"Database connection failed with error DataTypeNotSupportedError: Data type \"ProductImages\" in \"Product.images\" is not supported by \"mysql\" database.","timestamp":"2023-11-30T09:39:20.641Z"}
{"level":"info","message":"Database connection failed with error DataTypeNotSupportedError: Data type \"ProductImages\" in \"Product.images\" is not supported by \"mysql\" database.","timestamp":"2023-11-30T14:37:54.906Z"}
{"level":"info","message":"Database connection failed with error DataTypeNotSupportedError: Data type \"ProductImages\" in \"Product.images\" is not supported by \"mysql\" database.","timestamp":"2023-11-30T14:38:55.773Z"}
{"level":"info","message":"Database connection failed with error DataTypeNotSupportedError: Data type \"ProductImages\" in \"Product.images\" is not supported by \"mysql\" database.","timestamp":"2023-11-30T14:39:21.884Z"}
{"level":"info","message":"Database connection failed with error DataTypeNotSupportedError: Data type \"ProductImages\" in \"Product.images\" is not supported by \"mysql\" database.","timestamp":"2023-11-30T14:39:35.862Z"}
{"level":"info","message":"Database connection failed with error DataTypeNotSupportedError: Data type \"Array\" in \"Product.images\" is not supported by \"mysql\" database.","timestamp":"2023-11-30T14:39:47.715Z"}
{"level":"info","message":"Database connection failed with error DataTypeNotSupportedError: Data type \"Array\" in \"Product.images\" is not supported by \"mysql\" database.","timestamp":"2023-11-30T14:40:09.747Z"}
{"level":"info","message":"Database connection failed with error TSError: ⨯ Unable to compile TypeScript:\n\u001b[96msrc/entities/product.entities.ts\u001b[0m:\u001b[93m2\u001b[0m:\u001b[93m30\u001b[0m - \u001b[91merror\u001b[0m\u001b[90m TS2307: \u001b[0mCannot find module './productImages.entities' or its corresponding type declarations.\n\n\u001b[7m2\u001b[0m import { ProductImage } from './productImages.entities';\n\u001b[7m \u001b[0m \u001b[91m                             ~~~~~~~~~~~~~~~~~~~~~~~~~~\u001b[0m\n\u001b[96msrc/entities/product.entities.ts\u001b[0m:\u001b[93m16\u001b[0m:\u001b[93m45\u001b[0m - \u001b[91merror\u001b[0m\u001b[90m TS18046: \u001b[0m'image' is of type 'unknown'.\n\n\u001b[7m16\u001b[0m   @OneToMany(() => ProductImage, (image) => image.src)\n\u001b[7m  \u001b[0m \u001b[91m                                            ~~~~~\u001b[0m\n","timestamp":"2023-11-30T14:40:15.372Z"}
{"level":"info","message":"Database connection failed with error DataTypeNotSupportedError: Data type \"Array\" in \"Product.images\" is not supported by \"mysql\" database.","timestamp":"2023-11-30T14:40:18.186Z"}
{"level":"info","message":"Database connection failed with error DataTypeNotSupportedError: Data type \"Array\" in \"Product.images\" is not supported by \"mysql\" database.","timestamp":"2023-11-30T14:40:29.488Z"}
{"level":"info","message":"Database connection failed with error DataTypeNotSupportedError: Data type \"Array\" in \"Product.images\" is not supported by \"mysql\" database.","timestamp":"2023-11-30T14:42:32.534Z"}
{"level":"info","message":"Database connection failed with error DataTypeNotSupportedError: Data type \"Array\" in \"Product.images\" is not supported by \"mysql\" database.","timestamp":"2023-11-30T14:42:40.001Z"}
{"level":"info","message":"Database connection failed with error DataTypeNotSupportedError: Data type \"Array\" in \"Product.images\" is not supported by \"mysql\" database.","timestamp":"2023-11-30T14:43:29.940Z"}
{"level":"info","message":"Database connection failed with error DataTypeNotSupportedError: Data type \"Array\" in \"Product.images\" is not supported by \"mysql\" database.","timestamp":"2023-11-30T14:43:39.550Z"}
{"level":"info","message":"Database connection failed with error DataTypeNotSupportedError: Data type \"Array\" in \"Product.images\" is not supported by \"mysql\" database.","timestamp":"2023-11-30T14:44:35.980Z"}
{"level":"info","message":"database connection created","timestamp":"2023-11-30T14:44:57.944Z"}
{"level":"info","message":"Server running at 3000","timestamp":"2023-11-30T14:44:57.944Z"}
{"level":"info","message":"database connection created","timestamp":"2023-11-30T14:45:03.928Z"}
{"level":"info","message":"Server running at 3000","timestamp":"2023-11-30T14:45:03.928Z"}
{"level":"info","message":"Database connection failed with error ColumnTypeUndefinedError: Column type for ProductImage#product is not defined and cannot be guessed. Make sure you have turned on an \"emitDecoratorMetadata\": true option in tsconfig.json. Also make sure you have imported \"reflect-metadata\" on top of the main entry file in your application (before any entity imported).If you are using JavaScript instead of TypeScript you must explicitly provide a column type.","timestamp":"2023-11-30T14:45:14.440Z"}
{"level":"info","message":"database connection created","timestamp":"2023-11-30T14:45:19.721Z"}
{"level":"info","message":"Server running at 3000","timestamp":"2023-11-30T14:45:19.721Z"}
